2021/04/09 11:12:00 [INFO] Terraform version: 0.13.1  
2021/04/09 11:12:00 [INFO] Go runtime version: go1.14.7
2021/04/09 11:12:00 [INFO] CLI args: []string{"/usr/local/bin/terraform", "plan"}
2021/04/09 11:12:00 [DEBUG] Attempting to open CLI config file: /Users/anauecuri/.terraformrc
2021/04/09 11:12:00 [DEBUG] File doesn't exist, but doesn't need to. Ignoring.
2021/04/09 11:12:00 [DEBUG] ignoring non-existing provider search directory terraform.d/plugins
2021/04/09 11:12:00 [DEBUG] ignoring non-existing provider search directory /Users/anauecuri/.terraform.d/plugins
2021/04/09 11:12:00 [DEBUG] ignoring non-existing provider search directory /Users/anauecuri/Library/Application Support/io.terraform/plugins
2021/04/09 11:12:00 [DEBUG] ignoring non-existing provider search directory /Library/Application Support/io.terraform/plugins
2021/04/09 11:12:00 [INFO] CLI command args: []string{"plan"}
2021/04/09 11:12:00 [TRACE] Meta.Backend: no config given or present on disk, so returning nil config
2021/04/09 11:12:00 [TRACE] Meta.Backend: backend has not previously been initialized in this working directory
2021/04/09 11:12:00 [DEBUG] New state was assigned lineage "05a0349a-1bba-50e4-d54a-5e7aa79690bd"
2021/04/09 11:12:00 [TRACE] Meta.Backend: using default local state only (no backend configuration, and no existing initialized backend)
2021/04/09 11:12:00 [TRACE] Meta.Backend: instantiated backend of type <nil>
2021/04/09 11:12:00 [TRACE] providercache.fillMetaCache: scanning directory .terraform/plugins
2021/04/09 11:12:00 [TRACE] getproviders.SearchLocalDirectory: .terraform/plugins is a symlink to .terraform/plugins
2021/04/09 11:12:00 [TRACE] getproviders.SearchLocalDirectory: found registry.terraform.io/hashicorp/aws v3.13.0 for darwin_amd64 at .terraform/plugins/registry.terraform.io/hashicorp/aws/3.13.0/darwin_amd64
2021/04/09 11:12:00 [TRACE] getproviders.SearchLocalDirectory: found registry.terraform.io/hashicorp/null v3.1.0 for darwin_amd64 at .terraform/plugins/registry.terraform.io/hashicorp/null/3.1.0/darwin_amd64
2021/04/09 11:12:00 [TRACE] getproviders.SearchLocalDirectory: found registry.terraform.io/hashicorp/template v2.2.0 for darwin_amd64 at .terraform/plugins/registry.terraform.io/hashicorp/template/2.2.0/darwin_amd64
2021/04/09 11:12:00 [TRACE] providercache.fillMetaCache: including .terraform/plugins/registry.terraform.io/hashicorp/aws/3.13.0/darwin_amd64 as a candidate package for registry.terraform.io/hashicorp/aws 3.13.0
2021/04/09 11:12:00 [TRACE] providercache.fillMetaCache: including .terraform/plugins/registry.terraform.io/hashicorp/null/3.1.0/darwin_amd64 as a candidate package for registry.terraform.io/hashicorp/null 3.1.0
2021/04/09 11:12:00 [TRACE] providercache.fillMetaCache: including .terraform/plugins/registry.terraform.io/hashicorp/template/2.2.0/darwin_amd64 as a candidate package for registry.terraform.io/hashicorp/template 2.2.0
2021/04/09 11:12:00 [TRACE] providercache.fillMetaCache: using cached result from previous scan of .terraform/plugins
2021/04/09 11:12:00 [TRACE] providercache.fillMetaCache: using cached result from previous scan of .terraform/plugins
2021/04/09 11:12:01 [DEBUG] checking for provisioner in "."
2021/04/09 11:12:01 [DEBUG] checking for provisioner in "/usr/local/bin"
2021/04/09 11:12:01 [INFO] Failed to read plugin lock file .terraform/plugins/darwin_amd64/lock.json: open .terraform/plugins/darwin_amd64/lock.json: no such file or directory
2021/04/09 11:12:01 [TRACE] Meta.Backend: backend <nil> does not support operations, so wrapping it in a local backend
2021/04/09 11:12:01 [INFO] backend/local: starting Plan operation
2021/04/09 11:12:01 [TRACE] backend/local: requesting state manager for workspace "default"
2021/04/09 11:12:01 [TRACE] backend/local: state manager for workspace "default" will:
 - read initial snapshot from terraform.tfstate
 - write new snapshots to terraform.tfstate
 - create any backup at terraform.tfstate.backup
2021/04/09 11:12:01 [TRACE] backend/local: requesting state lock for workspace "default"
2021/04/09 11:12:01 [TRACE] statemgr.Filesystem: preparing to manage state snapshots at terraform.tfstate
2021/04/09 11:12:01 [TRACE] statemgr.Filesystem: no previously-stored snapshot exists
2021/04/09 11:12:01 [TRACE] statemgr.Filesystem: locking terraform.tfstate using fcntl flock
2021/04/09 11:12:01 [TRACE] statemgr.Filesystem: writing lock metadata to .terraform.tfstate.lock.info
2021/04/09 11:12:01 [TRACE] backend/local: reading remote state for workspace "default"
2021/04/09 11:12:01 [TRACE] statemgr.Filesystem: reading latest snapshot from terraform.tfstate
2021/04/09 11:12:01 [TRACE] statemgr.Filesystem: snapshot file has nil snapshot, but that's okay
2021/04/09 11:12:01 [TRACE] statemgr.Filesystem: read nil snapshot
2021/04/09 11:12:01 [TRACE] backend/local: retrieving local state snapshot for workspace "default"
2021/04/09 11:12:01 [TRACE] backend/local: building context for current working directory
2021/04/09 11:12:01 [DEBUG] backend/local: will prompt for input of unset required variables [enable_schedule_actions]
2021/04/09 11:12:01 [DEBUG] command: asking for input: "var.enable_schedule_actions"
2021/04/09 11:13:41 [TRACE] terraform.NewContext: starting
2021/04/09 11:13:41 [TRACE] terraform.NewContext: loading provider schemas
2021/04/09 11:13:41 [TRACE] LoadSchemas: retrieving schema for provider type "registry.terraform.io/hashicorp/aws"
2021-04-09T11:13:41.585-0300 [INFO]  plugin: configuring client automatic mTLS
2021-04-09T11:13:41.634-0300 [DEBUG] plugin: starting plugin: path=.terraform/plugins/registry.terraform.io/hashicorp/aws/3.13.0/darwin_amd64/terraform-provider-aws_v3.13.0_x5 args=[.terraform/plugins/registry.terraform.io/hashicorp/aws/3.13.0/darwin_amd64/terraform-provider-aws_v3.13.0_x5]
2021-04-09T11:13:41.646-0300 [DEBUG] plugin: plugin started: path=.terraform/plugins/registry.terraform.io/hashicorp/aws/3.13.0/darwin_amd64/terraform-provider-aws_v3.13.0_x5 pid=41559
2021-04-09T11:13:41.646-0300 [DEBUG] plugin: waiting for RPC address: path=.terraform/plugins/registry.terraform.io/hashicorp/aws/3.13.0/darwin_amd64/terraform-provider-aws_v3.13.0_x5
2021-04-09T11:13:42.031-0300 [INFO]  plugin.terraform-provider-aws_v3.13.0_x5: configuring server automatic mTLS: timestamp=2021-04-09T11:13:42.030-0300
2021-04-09T11:13:42.069-0300 [DEBUG] plugin.terraform-provider-aws_v3.13.0_x5: plugin address: address=/var/folders/1t/mcbjfb6112b9nq6b_ggydg9r0000gn/T/plugin654466082 network=unix timestamp=2021-04-09T11:13:42.069-0300
2021-04-09T11:13:42.069-0300 [DEBUG] plugin: using plugin: version=5
2021/04/09 11:13:42 [TRACE] GRPCProvider: GetSchema
2021-04-09T11:13:42.151-0300 [TRACE] plugin.stdio: waiting for stdio data
2021/04/09 11:13:42 [TRACE] GRPCProvider: Close
2021-04-09T11:13:42.342-0300 [WARN]  plugin.stdio: received EOF, stopping recv loop: err="rpc error: code = Unavailable desc = transport is closing"
2021-04-09T11:13:42.346-0300 [DEBUG] plugin: plugin process exited: path=.terraform/plugins/registry.terraform.io/hashicorp/aws/3.13.0/darwin_amd64/terraform-provider-aws_v3.13.0_x5 pid=41559
2021-04-09T11:13:42.346-0300 [DEBUG] plugin: plugin exited
2021/04/09 11:13:42 [TRACE] LoadSchemas: retrieving schema for provider type "registry.terraform.io/hashicorp/template"
2021-04-09T11:13:42.346-0300 [INFO]  plugin: configuring client automatic mTLS
2021-04-09T11:13:42.379-0300 [DEBUG] plugin: starting plugin: path=.terraform/plugins/registry.terraform.io/hashicorp/template/2.2.0/darwin_amd64/terraform-provider-template_v2.2.0_x4 args=[.terraform/plugins/registry.terraform.io/hashicorp/template/2.2.0/darwin_amd64/terraform-provider-template_v2.2.0_x4]
2021-04-09T11:13:42.385-0300 [DEBUG] plugin: plugin started: path=.terraform/plugins/registry.terraform.io/hashicorp/template/2.2.0/darwin_amd64/terraform-provider-template_v2.2.0_x4 pid=41563
2021-04-09T11:13:42.385-0300 [DEBUG] plugin: waiting for RPC address: path=.terraform/plugins/registry.terraform.io/hashicorp/template/2.2.0/darwin_amd64/terraform-provider-template_v2.2.0_x4
2021-04-09T11:13:42.884-0300 [INFO]  plugin.terraform-provider-template_v2.2.0_x4: configuring server automatic mTLS: timestamp=2021-04-09T11:13:42.884-0300
2021-04-09T11:13:42.959-0300 [DEBUG] plugin.terraform-provider-template_v2.2.0_x4: plugin address: address=/var/folders/1t/mcbjfb6112b9nq6b_ggydg9r0000gn/T/plugin272794054 network=unix timestamp=2021-04-09T11:13:42.958-0300
2021-04-09T11:13:42.959-0300 [DEBUG] plugin: using plugin: version=5
2021/04/09 11:13:43 [TRACE] GRPCProvider: GetSchema
2021-04-09T11:13:43.042-0300 [TRACE] plugin.stdio: waiting for stdio data
2021-04-09T11:13:43.062-0300 [WARN]  plugin.stdio: received EOF, stopping recv loop: err="rpc error: code = Unimplemented desc = unknown service plugin.GRPCStdio"
2021/04/09 11:13:43 [TRACE] No provider meta schema returned
2021/04/09 11:13:43 [TRACE] GRPCProvider: Close
2021-04-09T11:13:43.072-0300 [DEBUG] plugin: plugin process exited: path=.terraform/plugins/registry.terraform.io/hashicorp/template/2.2.0/darwin_amd64/terraform-provider-template_v2.2.0_x4 pid=41563
2021-04-09T11:13:43.072-0300 [DEBUG] plugin: plugin exited
2021/04/09 11:13:43 [TRACE] terraform.NewContext: complete
2021/04/09 11:13:43 [DEBUG] backend/local: will prompt for input of unset required variables [enable_schedule_actions]
2021/04/09 11:13:43 [DEBUG] command: asking for input: "var.enable_schedule_actions"
2021/04/09 11:16:14 [WARN] backend/local: Failed to request user input for variable "enable_schedule_actions": interrupted
2021/04/09 11:16:14 [TRACE] backend/local: finished building terraform.Context
2021/04/09 11:16:14 [TRACE] backend/local: requesting interactive input, if necessary
2021/04/09 11:16:14 [TRACE] Context.Input: Prompting for provider arguments
2021/04/09 11:16:14 [TRACE] Context.Input: Provider provider.aws declared at provider.tf:1,1-15
2021/04/09 11:16:14 [TRACE] Context.Input: Provider provider.aws.us declared at provider.tf:7,1-15
2021/04/09 11:16:14 [TRACE] Context.Input: Provider provider.template implied by data block at data.tf:23,1-35
2021/04/09 11:16:14 [TRACE] Context.Input: Input for provider.aws: map[string]cty.Value{}
2021/04/09 11:16:14 [TRACE] Context.Input: Input for provider.aws.us: map[string]cty.Value{}
2021/04/09 11:16:14 [TRACE] Context.Input: Input for provider.template: map[string]cty.Value{}
2021/04/09 11:16:14 [TRACE] backend/local: running validation operation
panic: runtime error: invalid memory address or nil pointer dereference
[signal SIGSEGV: segmentation violation code=0x1 addr=0x90 pc=0x1720e43]

goroutine 13 [running]:
github.com/hashicorp/terraform/terraform.(*Context).acquireRun(0x0, 0x32cd9c2, 0x8, 0x0)
	/home/circleci/project/project/terraform/context.go:710 +0x43
github.com/hashicorp/terraform/terraform.(*Context).Validate(0x0, 0x0, 0x0, 0x0)
	/home/circleci/project/project/terraform/context.go:656 +0x80
github.com/hashicorp/terraform/backend/local.(*Local).context(0xc0003b1860, 0xc0002c1340, 0x0, 0x0, 0x0, 0x0, 0x0, 0x0, 0x0)
	/home/circleci/project/project/backend/local/backend_local.go:148 +0xbb0
github.com/hashicorp/terraform/backend/local.(*Local).opPlan(0xc0003b1860, 0x38e27a0, 0xc0003c5440, 0x38e27a0, 0xc0003c5480, 0xc0002c1340, 0xc0003c5400)
	/home/circleci/project/project/backend/local/backend_plan.go:72 +0x2c1
github.com/hashicorp/terraform/backend/local.(*Local).Operation.func1(0xc000394670, 0xc0003946a0, 0xc0003946d0, 0xc0003b1860, 0xc000394640, 0x38e27a0, 0xc0003c5440, 0x38e27a0, 0xc0003c5480, 0xc0002c1340, ...)
	/home/circleci/project/project/backend/local/backend.go:340 +0xe8
created by github.com/hashicorp/terraform/backend/local.(*Local).Operation
	/home/circleci/project/project/backend/local/backend.go:334 +0x366
